<?xml version="1.0" encoding="UTF-8"?>
<!-- Generated by org.testng.reporters.JUnitReportReporter -->
<testsuite skipped="0" hostname="NG" name="demo.openmrs.org.runner.TestRunner" tests="1" failures="0" timestamp="2023-04-03T13:13:30 IST" time="87.450" errors="0">
  <testcase name="feature" time="87.450" classname="demo.openmrs.org.runner.TestRunner"/>
  <system-out/>
</testsuite> <!-- demo.openmrs.org.runner.TestRunner -->
